<?xml version="1.0" encoding="UTF-8"?>
<testng-results ignored="0" total="1" passed="1" failed="0" skipped="0">
  <reporter-output>
  </reporter-output>
  <suite started-at="2021-05-17T13:04:37 IST" name="Default suite" finished-at="2021-05-17T13:04:56 IST" duration-ms="18634">
    <groups>
    </groups>
    <test started-at="2021-05-17T13:04:37 IST" name="Default test" finished-at="2021-05-17T13:04:56 IST" duration-ms="18634">
      <class name="com.AutomationTest.BaseTests">
        <test-method signature="FacebookLoginTest(java.util.Hashtable)[pri:0, instance:com.AutomationTest.BaseTests@87a85e1]" started-at="2021-05-17T13:04:38 IST" name="FacebookLoginTest" description="provides data for the base test" data-provider="AutomationTestData" finished-at="2021-05-17T13:04:56 IST" duration-ms="18291" status="PASS">
          <params>
            <param index="0">
              <value>
                <![CDATA[{Password=Gzip0INIT#, UserName=himanshunailwal27@gmail.com}]]>
              </value>
            </param>
          </params>
          <reporter-output>
          </reporter-output>
        </test-method> <!-- FacebookLoginTest -->
      </class> <!-- com.AutomationTest.BaseTests -->
    </test> <!-- Default test -->
  </suite> <!-- Default suite -->
</testng-results>
